0 info it worked if it ends with ok
1 verbose cli [ '/usr/bin/nodejs',
1 verbose cli   '/usr/bin/npm',
1 verbose cli   'install',
1 verbose cli   'cookie-Parser',
1 verbose cli   '--save' ]
2 info using npm@1.3.10
3 info using node@v0.10.25
4 warn package.json node@1.0.0 No description
5 warn package.json node@1.0.0 No repository field.
6 warn package.json node@1.0.0 No README data
7 verbose readDependencies using package.json deps
8 verbose cache add [ 'cookie-Parser', null ]
9 verbose cache add name=undefined spec="cookie-Parser" args=["cookie-Parser",null]
10 verbose parsed url { protocol: null,
10 verbose parsed url   slashes: null,
10 verbose parsed url   auth: null,
10 verbose parsed url   host: null,
10 verbose parsed url   port: null,
10 verbose parsed url   hostname: null,
10 verbose parsed url   hash: null,
10 verbose parsed url   search: null,
10 verbose parsed url   query: null,
10 verbose parsed url   pathname: 'cookie-Parser',
10 verbose parsed url   path: 'cookie-Parser',
10 verbose parsed url   href: 'cookie-Parser' }
11 silly lockFile 111bfcfe-cookie-Parser cookie-Parser
12 verbose lock cookie-Parser /home/cse20131606/.npm/111bfcfe-cookie-Parser.lock
13 silly lockFile 111bfcfe-cookie-Parser cookie-Parser
14 silly lockFile 111bfcfe-cookie-Parser cookie-Parser
15 verbose addNamed [ 'cookie-Parser', '' ]
16 verbose addNamed [ null, '*' ]
17 silly lockFile 1b4c0769-cookie-Parser cookie-Parser@
18 verbose lock cookie-Parser@ /home/cse20131606/.npm/1b4c0769-cookie-Parser.lock
19 silly addNameRange { name: 'cookie-Parser', range: '*', hasData: false }
20 verbose url raw cookie-Parser
21 verbose url resolving [ 'https://registry.npmjs.org/', './cookie-Parser' ]
22 verbose url resolved https://registry.npmjs.org/cookie-Parser
23 info trying registry request attempt 1 at 09:00:13
24 http GET https://registry.npmjs.org/cookie-Parser
25 http 404 https://registry.npmjs.org/cookie-Parser
26 silly registry.get cb [ 404,
26 silly registry.get   { 'content-type': 'application/json',
26 silly registry.get     'cache-control': 'max-age=0',
26 silly registry.get     'content-length': '2',
26 silly registry.get     'accept-ranges': 'bytes',
26 silly registry.get     date: 'Fri, 20 May 2016 09:00:09 GMT',
26 silly registry.get     via: '1.1 varnish',
26 silly registry.get     age: '0',
26 silly registry.get     connection: 'keep-alive',
26 silly registry.get     'x-served-by': 'cache-nrt6134-NRT',
26 silly registry.get     'x-cache': 'MISS',
26 silly registry.get     'x-cache-hits': '0',
26 silly registry.get     'x-timer': 'S1463734809.166980,VS0,VE128',
26 silly registry.get     vary: 'Accept-Encoding' } ]
27 silly addNameRange number 2 { name: 'cookie-Parser', range: '*', hasData: true }
28 silly addNameRange versions [ undefined, [] ]
29 error TypeError: Cannot read property 'latest' of undefined
29 error     at next (/usr/share/npm/lib/cache.js:687:35)
29 error     at /usr/share/npm/lib/cache.js:675:5
29 error     at saved (/usr/share/npm/node_modules/npm-registry-client/lib/get.js:142:7)
29 error     at /usr/lib/nodejs/graceful-fs/polyfills.js:133:7
29 error     at Object.oncomplete (fs.js:107:15)
30 error If you need help, you may report this log at:
30 error     <http://github.com/isaacs/npm/issues>
30 error or email it to:
30 error     <npm-@googlegroups.com>
31 error System Linux 3.13.0-74-generic
32 error command "/usr/bin/nodejs" "/usr/bin/npm" "install" "cookie-Parser" "--save"
33 error cwd /home/cse20131606/EyeSeconds
34 error node -v v0.10.25
35 error npm -v 1.3.10
36 error type non_object_property_load
37 verbose exit [ 1, true ]
